<?xml version="1.0" encoding="UTF-8"?>
<testng-results ignored="0" total="1" passed="1" failed="0" skipped="0">
  <reporter-output>
  </reporter-output>
  <suite started-at="2021-05-27T16:41:20 IST" name="Default suite" finished-at="2021-05-27T16:41:36 IST" duration-ms="15163">
    <groups>
    </groups>
    <test started-at="2021-05-27T16:41:20 IST" name="Default test" finished-at="2021-05-27T16:41:36 IST" duration-ms="15163">
      <class name="com.shoptimize.Shoptimize.Automation.PDPChecker">
        <test-method signature="Test()[pri:0, instance:com.shoptimize.Shoptimize.Automation.PDPChecker@3315d2d7]" started-at="2021-05-27T16:41:20 IST" name="Test" finished-at="2021-05-27T16:41:36 IST" duration-ms="15134" status="PASS">
          <reporter-output>
          </reporter-output>
        </test-method> <!-- Test -->
      </class> <!-- com.shoptimize.Shoptimize.Automation.PDPChecker -->
    </test> <!-- Default test -->
  </suite> <!-- Default suite -->
</testng-results>
